<?xml version="1.0" encoding="UTF-8"?>
<!-- Generated by org.testng.reporters.JUnitReportReporter -->
<testsuite hostname="asus" failures="0" tests="3" name="HomePageTests" time="8.151" errors="0" timestamp="2022-06-05T21:29:26 IDT" skipped="0">
  <testcase classname="HomePageTests" name="ValidatProductTitile" time="0.063"/>
  <system-out/>
  <testcase classname="HomePageTests" name="ValidateCartCounter" time="0.030"/>
  <system-out/>
  <testcase classname="HomePageTests" name="ShouldAddToCart" time="8.058"/>
  <system-out/>
</testsuite> <!-- HomePageTests -->
